WZORZEC:
---------------------------------------------------------------------------------------------------------------------
<nazwa_tabeli_0> (pobrana z nazwy pliku)
---------------------------------------------------------------------------------------------------------------------
	<nazwa_flagi_0>:
	<0> bit:\t\t<opis0>
	<1> bit:\t\t<opis1>
	...
	<n> bit:\t\t<opisn>
\r\n
---------------------------------------------------------------------------------------------------------------------
	<nazwa_flagi_1>:
	<0> bit:\t\t<opis0>
	<1> bit:\t\t<opis1>
	...
	<n> bit:\t\t<opisn>
\r\n
---------------------------------------------------------------------------------------------------------------------
...
	<nazwa_flagi_n>:
	<0> bit:\t\t<opis0>
	<1> bit:\t\t<opis1>
	...
	<n> bit:\t\t<opisn>
\r\n
---------------------------------------------------------------------------------------------------------------------
\r\n
---------------------------------------------------------------------------------------------------------------------
<nazwa_tabeli_1> (pobrana z nazwy pliku)
---------------------------------------------------------------------------------------------------------------------
	<nazwa_flagi_0>:
	<0> bit:\t\t<opis0>
	<1> bit:\t\t<opis1>
	...
	<n> bit:\t\t<opisn>
\r\n
---------------------------------------------------------------------------------------------------------------------
	<nazwa_flagi_1>:
	<0> bit:\t\t<opis0>
	<1> bit:\t\t<opis1>
	...
	<n> bit:\t\t<opisn>
\r\n
---------------------------------------------------------------------------------------------------------------------
...
	<nazwa_flagi_n>:
	<0> bit:\t\t<opis0>
	<1> bit:\t\t<opis1>
	...
	<n> bit:\t\t<opisn>
\r\n
---------------------------------------------------------------------------------------------------------------------
...
---------------------------------------------------------------------------------------------------------------------
<nazwa_tabeli_n> (pobrana z nazwy pliku)
---------------------------------------------------------------------------------------------------------------------
	<nazwa_flagi_0>:
	<0> bit:\t\t<opis0>
	<1> bit:\t\t<opis1>
	...
	<n> bit:\t\t<opisn>
\r\n
---------------------------------------------------------------------------------------------------------------------
	<nazwa_flagi_1>:
	<0> bit:\t\t<opis0>
	<1> bit:\t\t<opis1>
	...
	<n> bit:\t\t<opisn>
\r\n
---------------------------------------------------------------------------------------------------------------------
...
	<nazwa_flagi_n>:
	<0> bit:\t\t<opis0>
	<1> bit:\t\t<opis1>
	...
	<n> bit:\t\t<opisn>
\r\n
---------------------------------------------------------------------------------------------------------------------

PRZYKLAD:
---------------------------------------------------------------------------------------------------------------------
tb_klient
---------------------------------------------------------------------------------------------------------------------
	k_flaga:
	0 bit:		fiskalizacja,
	1 bit:		wymaga numeru zamówienia,
	2 bit:		wymaga numeru dostawy,
	3 bit:		wymaga wlasnych kodow towarow
	4 bit:		upowaznienie do wystawiania FV bez podpisu odbiorcy
	5 bit:		przypominaj uwagi przy wystawianiu dokumentow
	6 bit:		0 - zatwierdzanie wynagrodzen dopiero po zaplaceniu za fakture, 1 zawsze mozliwosc zatwierdzania wynagrodzen
	7 bit:		nie uwzgledniony w raporcie "Tyskie"
	8 bit:		wolne (oznaczalo kiedys - klient uczestniczy w wymianie WWW/Palmtop)
	9,10 bit:	rodzaj kartoteki
					0: firma
					1: osoba fizyczna
					2: rolnik ryczaltowy
					3: miejsce dostawy
	11 bit:		dla rolnikow czy maja umowe na inny termin zaplaty niz ustawowy (14 dni)
	14 bit:		nie wywoluj triggerow,
	23 bit:		Klient tymczasowy
	24 bit:		klient ma podpiete wyliczne wartosci dowolne
	25 bit:		klient powiazany kapitalowo z nami
	26 bit:		inny adres korespondencyjny
	27 bit:		klient certyfikowany (nieuzywany, przeniesione na k_blokady bit 0)
	28 bit:		blokowanie nadrealizacji ZO
	29 bit:		blokowanie nadrealizacji ZW
	30 bit:		przenoszenie kosztow transportu FZ->PZ
	31 bit:		klient uczestniczy w faktoringu

---------------------------------------------------------------------------------------------------------------------
	k_blokady:
	0 bit:		klient certyfikowany
	1 bit:		blokuj OF
	2 bit:		blokuj ZO
	3 bit:		blokuj FV,PR,WZ
	4 bit:		blokuj ZW
	5 bit:		blokuj FZ,PZ,KO,PW
	7 bit:		calkowita blokada sprzedazy
	8 bit:		VAT OO na usługi wymienione w zal.14 Ustawy o VAT zgodnie z art.17 pkt1 ust 8 tejze ustawy

---------------------------------------------------------------------------------------------------------------------
	k_flaga2:
	0 bit:		rozliczenia z klientem z uzyciem metody split payment
	1 bit:		blokowanie nadrealizacji RE-/RE+
	
---------------------------------------------------------------------------------------------------------------------

---------------------------------------------------------------------------------------------------------------------	
ts_spedycje
---------------------------------------------------------------------------------------------------------------------	
	sp_flaga:
	0 bit:		przy zamknieciu fv utworz list przewozowy jezeli nie ma
	1 bit:		przy zamknieciu wz utworz list przewozowy jezeli nie ma
	2,3 bit:	typ wyliczania kosztow transportu
					0: od wartosci
					1: od wagi
	4 bit:		koszt "paletowy"
	5 bit:		domyslna forma płatnosci dla danych do listu przewozowego: 0 - gotowka, przelew
	6 bit:		domyslny platnik dla danych do listu przewozowego: 0 - nadawca, odbiorca
	7 bit:		sposob liczenia kwoty ubezpiecenia (powiazane z bitem 8 sp_flaga2)
	8 bit:		automatyczne pobranie "do pobrania"
	9 bit:		automatycznie pobranie wagi dla listu przewozowego z dokumentów
	10 bit:		wartosc pobrania uzalezniona od formy platnosci 
	11 bit:		uzywa pola N1 
	12 bit:		uzywa pola N2 
	13 bit:		automatyczne pobranie osoby 
	14 bit:		automatyczne pobranie maila
	15 bit:		automatyczne pobranie telefonu
	16 bit:		powiadomienie mail (odbiorcy o wyslaniu)
	17 bit:		powiadomienie SMS (odbiorcy o wyslaniu)
	18 bit:		potwierdzenie dostarczenia przez mail (nadawcy o dostarczeniu)
	19 bit:		potwierdzenie dostarczenia przez tel (nadawcy o dostarczeniu)
	20 bit:		doliczanie narzutu do wagi
	21 bit: 	adres dostarczenia lokalny (wraz z bitem 29)
	22 bit:		automatyczne pobranie adresu dostarczenia (tylko jesli lokalny)
	23 bit: 	automatyczne pobranie wartosci paczki
	24 bit: 	domyslny platnik trzecia strona: (bit 6 musi byc=0)
	25 bit:		automatyczne ustawienie stalej wagi
	26 bit:		pobranie wg dok magazynowych
	27 bit:		wartosc wg dok magazynowych
	28 bit:		automatyczne pobranie "do pobrania" przy wysylaniu
	29 bit:		adres dostarczenia punkt wydania (bit 21 zeruje)

---------------------------------------------------------------------------------------------------------------------	
	sp_flaga2:
	0,1 bit:	automatyczne pobranie osoby nadawcy 
					0: Brak
					1: Przy tworzeniu
	2,3 bit:	automatyczne pobranie maila nadawcy
					0: Brak
					1: Z karty os. kontakowej
					2: Wskazany
	4,5 bit:	automatyczne pobranie telefonu nadawcy
					0: Brak
					1: Z karty os. kontakowej
					2: Wskazany
	6,7 bit:	Automatyczne pobranie wartosci ubezpieczenia
					0: Brak
					1: Przy tworzeniu
					2: Przy wyslaniu
	8 bit:		sposob liczenia kwoty ubezpiecenia (powiazane z bitem 7 sp_flaga):
					
---------------------------------------------------------------------------------------------------------------------